1588150561159	addons.webextension.doh-rollout@mozilla.org	WARN	Loading extension 'doh-rollout@mozilla.org': Reading manifest: Invalid extension permission: networkStatus
1588150561499	addons.webextension.screenshots@mozilla.org	WARN	Loading extension 'screenshots@mozilla.org': Reading manifest: Invalid extension permission: mozillaAddons
1588150561499	addons.webextension.screenshots@mozilla.org	WARN	Loading extension 'screenshots@mozilla.org': Reading manifest: Invalid extension permission: telemetry
1588150561499	addons.webextension.screenshots@mozilla.org	WARN	Loading extension 'screenshots@mozilla.org': Reading manifest: Invalid extension permission: resource://pdf.js/
1588150561499	addons.webextension.screenshots@mozilla.org	WARN	Loading extension 'screenshots@mozilla.org': Reading manifest: Invalid extension permission: about:reader*
1588150562933	Marionette	INFO	Listening on port 37405
1588150562962	Marionette	WARN	TLS certificate errors will be ignored for this session
1588150610420	Marionette	INFO	Stopped listening on port 37405
1588150735870	addons.webextension.doh-rollout@mozilla.org	WARN	Loading extension 'doh-rollout@mozilla.org': Reading manifest: Invalid extension permission: networkStatus
1588150736209	addons.webextension.screenshots@mozilla.org	WARN	Loading extension 'screenshots@mozilla.org': Reading manifest: Invalid extension permission: mozillaAddons
1588150736210	addons.webextension.screenshots@mozilla.org	WARN	Loading extension 'screenshots@mozilla.org': Reading manifest: Invalid extension permission: telemetry
1588150736210	addons.webextension.screenshots@mozilla.org	WARN	Loading extension 'screenshots@mozilla.org': Reading manifest: Invalid extension permission: resource://pdf.js/
1588150736210	addons.webextension.screenshots@mozilla.org	WARN	Loading extension 'screenshots@mozilla.org': Reading manifest: Invalid extension permission: about:reader*
1588150737464	Marionette	INFO	Listening on port 43917
1588150737477	Marionette	WARN	TLS certificate errors will be ignored for this session
1588150738915	addons.webextension.doh-rollout@mozilla.org	WARN	Loading extension 'doh-rollout@mozilla.org': Reading manifest: Invalid extension permission: networkStatus
1588150739259	addons.webextension.screenshots@mozilla.org	WARN	Loading extension 'screenshots@mozilla.org': Reading manifest: Invalid extension permission: mozillaAddons
1588150739259	addons.webextension.screenshots@mozilla.org	WARN	Loading extension 'screenshots@mozilla.org': Reading manifest: Invalid extension permission: telemetry
1588150739259	addons.webextension.screenshots@mozilla.org	WARN	Loading extension 'screenshots@mozilla.org': Reading manifest: Invalid extension permission: resource://pdf.js/
1588150739259	addons.webextension.screenshots@mozilla.org	WARN	Loading extension 'screenshots@mozilla.org': Reading manifest: Invalid extension permission: about:reader*
1588150740711	Marionette	INFO	Listening on port 45847
1588150740779	Marionette	WARN	TLS certificate errors will be ignored for this session
1588150747763	Marionette	INFO	Stopped listening on port 43917
1588150750347	Marionette	INFO	Stopped listening on port 45847
1588150759552	addons.webextension.doh-rollout@mozilla.org	WARN	Loading extension 'doh-rollout@mozilla.org': Reading manifest: Invalid extension permission: networkStatus
1588150759890	addons.webextension.screenshots@mozilla.org	WARN	Loading extension 'screenshots@mozilla.org': Reading manifest: Invalid extension permission: mozillaAddons
1588150759890	addons.webextension.screenshots@mozilla.org	WARN	Loading extension 'screenshots@mozilla.org': Reading manifest: Invalid extension permission: telemetry
1588150759890	addons.webextension.screenshots@mozilla.org	WARN	Loading extension 'screenshots@mozilla.org': Reading manifest: Invalid extension permission: resource://pdf.js/
1588150759891	addons.webextension.screenshots@mozilla.org	WARN	Loading extension 'screenshots@mozilla.org': Reading manifest: Invalid extension permission: about:reader*
1588150761222	Marionette	INFO	Listening on port 44265
1588150761290	Marionette	WARN	TLS certificate errors will be ignored for this session
console.warn: LoginRecipes: "getRecipes: falling back to a synchronous message for:" "https://www.google.com"
1588151013057	Marionette	INFO	Stopped listening on port 44265
1588151016330	addons.webextension.doh-rollout@mozilla.org	WARN	Loading extension 'doh-rollout@mozilla.org': Reading manifest: Invalid extension permission: networkStatus
1588151016657	addons.webextension.screenshots@mozilla.org	WARN	Loading extension 'screenshots@mozilla.org': Reading manifest: Invalid extension permission: mozillaAddons
1588151016657	addons.webextension.screenshots@mozilla.org	WARN	Loading extension 'screenshots@mozilla.org': Reading manifest: Invalid extension permission: telemetry
1588151016657	addons.webextension.screenshots@mozilla.org	WARN	Loading extension 'screenshots@mozilla.org': Reading manifest: Invalid extension permission: resource://pdf.js/
1588151016657	addons.webextension.screenshots@mozilla.org	WARN	Loading extension 'screenshots@mozilla.org': Reading manifest: Invalid extension permission: about:reader*
1588151018007	Marionette	INFO	Listening on port 36989
1588151018102	Marionette	WARN	TLS certificate errors will be ignored for this session
console.warn: LoginRecipes: "getRecipes: falling back to a synchronous message for:" "https://www.google.com"
console.warn: LoginRecipes: "getRecipes: falling back to a synchronous message for:" "https://www.google.com"
1588161836670	addons.webextension.doh-rollout@mozilla.org	WARN	Loading extension 'doh-rollout@mozilla.org': Reading manifest: Invalid extension permission: networkStatus
1588161837012	addons.webextension.screenshots@mozilla.org	WARN	Loading extension 'screenshots@mozilla.org': Reading manifest: Invalid extension permission: mozillaAddons
1588161837012	addons.webextension.screenshots@mozilla.org	WARN	Loading extension 'screenshots@mozilla.org': Reading manifest: Invalid extension permission: telemetry
1588161837012	addons.webextension.screenshots@mozilla.org	WARN	Loading extension 'screenshots@mozilla.org': Reading manifest: Invalid extension permission: resource://pdf.js/
1588161837012	addons.webextension.screenshots@mozilla.org	WARN	Loading extension 'screenshots@mozilla.org': Reading manifest: Invalid extension permission: about:reader*
1588161838795	Marionette	INFO	Listening on port 41491
1588161838839	Marionette	WARN	TLS certificate errors will be ignored for this session
console.warn: LoginRecipes: "getRecipes: falling back to a synchronous message for:" "https://demo.cpanel.net:2083"
console.warn: LoginRecipes: "getRecipes: falling back to a synchronous message for:" "https://demo.cpanel.net:2083"
1588161870749	Marionette	INFO	Stopped listening on port 36989
1588162053756	Marionette	INFO	Stopped listening on port 41491
1588162056723	addons.webextension.doh-rollout@mozilla.org	WARN	Loading extension 'doh-rollout@mozilla.org': Reading manifest: Invalid extension permission: networkStatus
1588162057060	addons.webextension.screenshots@mozilla.org	WARN	Loading extension 'screenshots@mozilla.org': Reading manifest: Invalid extension permission: mozillaAddons
1588162057060	addons.webextension.screenshots@mozilla.org	WARN	Loading extension 'screenshots@mozilla.org': Reading manifest: Invalid extension permission: telemetry
1588162057060	addons.webextension.screenshots@mozilla.org	WARN	Loading extension 'screenshots@mozilla.org': Reading manifest: Invalid extension permission: resource://pdf.js/
1588162057060	addons.webextension.screenshots@mozilla.org	WARN	Loading extension 'screenshots@mozilla.org': Reading manifest: Invalid extension permission: about:reader*
1588162058533	Marionette	INFO	Listening on port 39099
1588162058616	Marionette	WARN	TLS certificate errors will be ignored for this session
1588162155803	Marionette	INFO	Stopped listening on port 39099
1588162157919	addons.webextension.doh-rollout@mozilla.org	WARN	Loading extension 'doh-rollout@mozilla.org': Reading manifest: Invalid extension permission: networkStatus
1588162158258	addons.webextension.screenshots@mozilla.org	WARN	Loading extension 'screenshots@mozilla.org': Reading manifest: Invalid extension permission: mozillaAddons
1588162158258	addons.webextension.screenshots@mozilla.org	WARN	Loading extension 'screenshots@mozilla.org': Reading manifest: Invalid extension permission: telemetry
1588162158258	addons.webextension.screenshots@mozilla.org	WARN	Loading extension 'screenshots@mozilla.org': Reading manifest: Invalid extension permission: resource://pdf.js/
1588162158259	addons.webextension.screenshots@mozilla.org	WARN	Loading extension 'screenshots@mozilla.org': Reading manifest: Invalid extension permission: about:reader*
1588162159790	Marionette	INFO	Listening on port 37005
1588162159814	Marionette	WARN	TLS certificate errors will be ignored for this session
1588162256099	Marionette	INFO	Stopped listening on port 37005
1588162258889	addons.webextension.doh-rollout@mozilla.org	WARN	Loading extension 'doh-rollout@mozilla.org': Reading manifest: Invalid extension permission: networkStatus
1588162259221	addons.webextension.screenshots@mozilla.org	WARN	Loading extension 'screenshots@mozilla.org': Reading manifest: Invalid extension permission: mozillaAddons
1588162259221	addons.webextension.screenshots@mozilla.org	WARN	Loading extension 'screenshots@mozilla.org': Reading manifest: Invalid extension permission: telemetry
1588162259221	addons.webextension.screenshots@mozilla.org	WARN	Loading extension 'screenshots@mozilla.org': Reading manifest: Invalid extension permission: resource://pdf.js/
1588162259222	addons.webextension.screenshots@mozilla.org	WARN	Loading extension 'screenshots@mozilla.org': Reading manifest: Invalid extension permission: about:reader*
1588162260663	Marionette	INFO	Listening on port 38091
1588162260701	Marionette	WARN	TLS certificate errors will be ignored for this session
1588162296851	Marionette	INFO	Stopped listening on port 38091
1588162298653	addons.webextension.doh-rollout@mozilla.org	WARN	Loading extension 'doh-rollout@mozilla.org': Reading manifest: Invalid extension permission: networkStatus
1588162298992	addons.webextension.screenshots@mozilla.org	WARN	Loading extension 'screenshots@mozilla.org': Reading manifest: Invalid extension permission: mozillaAddons
1588162298992	addons.webextension.screenshots@mozilla.org	WARN	Loading extension 'screenshots@mozilla.org': Reading manifest: Invalid extension permission: telemetry
1588162298992	addons.webextension.screenshots@mozilla.org	WARN	Loading extension 'screenshots@mozilla.org': Reading manifest: Invalid extension permission: resource://pdf.js/
1588162298992	addons.webextension.screenshots@mozilla.org	WARN	Loading extension 'screenshots@mozilla.org': Reading manifest: Invalid extension permission: about:reader*
1588162300519	Marionette	INFO	Listening on port 43853
1588162300549	Marionette	WARN	TLS certificate errors will be ignored for this session
1588162413391	Marionette	INFO	Stopped listening on port 43853
1588162415708	addons.webextension.doh-rollout@mozilla.org	WARN	Loading extension 'doh-rollout@mozilla.org': Reading manifest: Invalid extension permission: networkStatus
1588162416038	addons.webextension.screenshots@mozilla.org	WARN	Loading extension 'screenshots@mozilla.org': Reading manifest: Invalid extension permission: mozillaAddons
1588162416038	addons.webextension.screenshots@mozilla.org	WARN	Loading extension 'screenshots@mozilla.org': Reading manifest: Invalid extension permission: telemetry
1588162416038	addons.webextension.screenshots@mozilla.org	WARN	Loading extension 'screenshots@mozilla.org': Reading manifest: Invalid extension permission: resource://pdf.js/
1588162416038	addons.webextension.screenshots@mozilla.org	WARN	Loading extension 'screenshots@mozilla.org': Reading manifest: Invalid extension permission: about:reader*
1588162417493	Marionette	INFO	Listening on port 42529
1588162417547	Marionette	WARN	TLS certificate errors will be ignored for this session
1588162753062	addons.webextension.doh-rollout@mozilla.org	WARN	Loading extension 'doh-rollout@mozilla.org': Reading manifest: Invalid extension permission: networkStatus
1588162753404	addons.webextension.screenshots@mozilla.org	WARN	Loading extension 'screenshots@mozilla.org': Reading manifest: Invalid extension permission: mozillaAddons
1588162753404	addons.webextension.screenshots@mozilla.org	WARN	Loading extension 'screenshots@mozilla.org': Reading manifest: Invalid extension permission: telemetry
1588162753404	addons.webextension.screenshots@mozilla.org	WARN	Loading extension 'screenshots@mozilla.org': Reading manifest: Invalid extension permission: resource://pdf.js/
1588162753404	addons.webextension.screenshots@mozilla.org	WARN	Loading extension 'screenshots@mozilla.org': Reading manifest: Invalid extension permission: about:reader*
1588162754788	Marionette	INFO	Listening on port 44199
1588162754852	Marionette	WARN	TLS certificate errors will be ignored for this session
1588162783838	Marionette	INFO	Stopped listening on port 42529

###!!! [Parent][RunMessage] Error: Channel closing: too late to send/recv, messages will be lost

1588162786295	Marionette	INFO	Stopped listening on port 44199
1588162788085	addons.webextension.doh-rollout@mozilla.org	WARN	Loading extension 'doh-rollout@mozilla.org': Reading manifest: Invalid extension permission: networkStatus
1588162788411	addons.webextension.screenshots@mozilla.org	WARN	Loading extension 'screenshots@mozilla.org': Reading manifest: Invalid extension permission: mozillaAddons
1588162788411	addons.webextension.screenshots@mozilla.org	WARN	Loading extension 'screenshots@mozilla.org': Reading manifest: Invalid extension permission: telemetry
1588162788412	addons.webextension.screenshots@mozilla.org	WARN	Loading extension 'screenshots@mozilla.org': Reading manifest: Invalid extension permission: resource://pdf.js/
1588162788412	addons.webextension.screenshots@mozilla.org	WARN	Loading extension 'screenshots@mozilla.org': Reading manifest: Invalid extension permission: about:reader*
1588162789851	Marionette	INFO	Listening on port 43311
1588162789875	Marionette	WARN	TLS certificate errors will be ignored for this session
1588162849869	Marionette	INFO	Stopped listening on port 43311
1588162851848	addons.webextension.doh-rollout@mozilla.org	WARN	Loading extension 'doh-rollout@mozilla.org': Reading manifest: Invalid extension permission: networkStatus
1588162852184	addons.webextension.screenshots@mozilla.org	WARN	Loading extension 'screenshots@mozilla.org': Reading manifest: Invalid extension permission: mozillaAddons
1588162852184	addons.webextension.screenshots@mozilla.org	WARN	Loading extension 'screenshots@mozilla.org': Reading manifest: Invalid extension permission: telemetry
1588162852184	addons.webextension.screenshots@mozilla.org	WARN	Loading extension 'screenshots@mozilla.org': Reading manifest: Invalid extension permission: resource://pdf.js/
1588162852184	addons.webextension.screenshots@mozilla.org	WARN	Loading extension 'screenshots@mozilla.org': Reading manifest: Invalid extension permission: about:reader*
1588162853647	Marionette	INFO	Listening on port 43211
1588162853744	Marionette	WARN	TLS certificate errors will be ignored for this session
console.warn: LoginRecipes: "getRecipes: falling back to a synchronous message for:" "https://demo.cpanel.net:2083"
JavaScript error: https://demo.cpanel.net:2083/cPanel_magic_revision_1565257250/frontend/paper_lantern/js2-min/addon/index.js?locale=de&locale_optional=1&locale_revision=1587713305, line 31: TypeError: YAHOO.util.Dom.get(...) is null
1588163057737	addons.webextension.doh-rollout@mozilla.org	WARN	Loading extension 'doh-rollout@mozilla.org': Reading manifest: Invalid extension permission: networkStatus
1588163058065	addons.webextension.screenshots@mozilla.org	WARN	Loading extension 'screenshots@mozilla.org': Reading manifest: Invalid extension permission: mozillaAddons
1588163058065	addons.webextension.screenshots@mozilla.org	WARN	Loading extension 'screenshots@mozilla.org': Reading manifest: Invalid extension permission: telemetry
1588163058065	addons.webextension.screenshots@mozilla.org	WARN	Loading extension 'screenshots@mozilla.org': Reading manifest: Invalid extension permission: resource://pdf.js/
1588163058065	addons.webextension.screenshots@mozilla.org	WARN	Loading extension 'screenshots@mozilla.org': Reading manifest: Invalid extension permission: about:reader*
1588163059625	Marionette	INFO	Listening on port 42203
1588163059718	Marionette	WARN	TLS certificate errors will be ignored for this session
JavaScript error: https://demo.cpanel.net:2083/cPanel_magic_revision_1573066380/frontend/paper_lantern/libraries/requirejs/optimized/require.min.js, line 8: Error: Script error for: locale
http://requirejs.org/docs/errors.html#scripterror
JavaScript error: https://demo.cpanel.net:2083/cPanel_magic_revision_1573066380/frontend/paper_lantern/libraries/requirejs/optimized/require.min.js, line 8: Error: Script error for: frameworksBuild
http://requirejs.org/docs/errors.html#scripterror
JavaScript error: https://demo.cpanel.net:2083/cPanel_magic_revision_1573066380/frontend/paper_lantern/libraries/requirejs/optimized/require.min.js, line 8: Error: Script error for: app/index.cmb
http://requirejs.org/docs/errors.html#scripterror
JavaScript error: https://demo.cpanel.net:2083/cPanel_magic_revision_1565257250/frontend/paper_lantern/js2-min/addon/index.js?locale=de&locale_optional=1&locale_revision=1587713305, line 31: TypeError: YAHOO.util.Dom.get(...) is null
1588163080013	Marionette	INFO	Stopped listening on port 43211
1588163158539	Marionette	INFO	Stopped listening on port 42203
1588163160474	addons.webextension.doh-rollout@mozilla.org	WARN	Loading extension 'doh-rollout@mozilla.org': Reading manifest: Invalid extension permission: networkStatus
1588163160801	addons.webextension.screenshots@mozilla.org	WARN	Loading extension 'screenshots@mozilla.org': Reading manifest: Invalid extension permission: mozillaAddons
1588163160801	addons.webextension.screenshots@mozilla.org	WARN	Loading extension 'screenshots@mozilla.org': Reading manifest: Invalid extension permission: telemetry
1588163160801	addons.webextension.screenshots@mozilla.org	WARN	Loading extension 'screenshots@mozilla.org': Reading manifest: Invalid extension permission: resource://pdf.js/
1588163160801	addons.webextension.screenshots@mozilla.org	WARN	Loading extension 'screenshots@mozilla.org': Reading manifest: Invalid extension permission: about:reader*
1588163162231	Marionette	INFO	Listening on port 42569
1588163162270	Marionette	WARN	TLS certificate errors will be ignored for this session
JavaScript error: https://demo.cpanel.net:2083/cPanel_magic_revision_1573066380/frontend/paper_lantern/libraries/requirejs/optimized/require.min.js, line 8: Error: Script error for: app/index.cmb
http://requirejs.org/docs/errors.html#scripterror
JavaScript error: https://demo.cpanel.net:2083/cPanel_magic_revision_1573066380/frontend/paper_lantern/libraries/requirejs/optimized/require.min.js, line 8: Error: Script error for: frameworksBuild
http://requirejs.org/docs/errors.html#scripterror
JavaScript error: https://demo.cpanel.net:2083/cPanel_magic_revision_1573066380/frontend/paper_lantern/libraries/requirejs/optimized/require.min.js, line 8: Error: Script error for: locale
http://requirejs.org/docs/errors.html#scripterror
JavaScript error: https://demo.cpanel.net:2083/cPanel_magic_revision_1565257250/frontend/paper_lantern/js2-min/addon/index.js?locale=de&locale_optional=1&locale_revision=1587713305, line 31: TypeError: YAHOO.util.Dom.get(...) is null
JavaScript error: https://demo.cpanel.net:2083/cPanel_magic_revision_1565257250/frontend/paper_lantern/js2-min/addon/index.js?locale=de&locale_optional=1&locale_revision=1587713305, line 31: TypeError: YAHOO.util.Dom.get(...) is null
1588163196117	Marionette	INFO	Stopped listening on port 42569
1588163287014	addons.webextension.doh-rollout@mozilla.org	WARN	Loading extension 'doh-rollout@mozilla.org': Reading manifest: Invalid extension permission: networkStatus
1588163287350	addons.webextension.screenshots@mozilla.org	WARN	Loading extension 'screenshots@mozilla.org': Reading manifest: Invalid extension permission: mozillaAddons
1588163287350	addons.webextension.screenshots@mozilla.org	WARN	Loading extension 'screenshots@mozilla.org': Reading manifest: Invalid extension permission: telemetry
1588163287350	addons.webextension.screenshots@mozilla.org	WARN	Loading extension 'screenshots@mozilla.org': Reading manifest: Invalid extension permission: resource://pdf.js/
1588163287350	addons.webextension.screenshots@mozilla.org	WARN	Loading extension 'screenshots@mozilla.org': Reading manifest: Invalid extension permission: about:reader*
1588163288725	Marionette	INFO	Listening on port 38863
1588163288841	Marionette	WARN	TLS certificate errors will be ignored for this session
JavaScript error: https://demo.cpanel.net:2083/cPanel_magic_revision_1573066380/frontend/paper_lantern/libraries/requirejs/optimized/require.min.js, line 8: Error: Script error for: app/index.dist
http://requirejs.org/docs/errors.html#scripterror
JavaScript error: https://demo.cpanel.net:2083/cPanel_magic_revision_1573066380/frontend/paper_lantern/libraries/requirejs/optimized/require.min.js, line 8: Error: Script error for: locale
http://requirejs.org/docs/errors.html#scripterror
JavaScript error: https://demo.cpanel.net:2083/cPanel_magic_revision_1565257250/frontend/paper_lantern/js2-min/addon/index.js?locale=de&locale_optional=1&locale_revision=1587713305, line 31: TypeError: YAHOO.util.Dom.get(...) is null
JavaScript error: https://demo.cpanel.net:2083/cPanel_magic_revision_1565257250/frontend/paper_lantern/js2-min/addon/index.js?locale=de&locale_optional=1&locale_revision=1587713305, line 31: TypeError: YAHOO.util.Dom.get(...) is null
1588163320999	Marionette	INFO	Stopped listening on port 38863
